<?xml version="1.0" encoding="UTF-8"?>
<coverage generated="1781663121970" clover="3.2.0">
  <project timestamp="1781663121970" name="All files">
    <metrics statements="49" coveredstatements="41" conditionals="18" coveredconditionals="12" methods="19" coveredmethods="14" elements="86" coveredelements="67" complexity="0" loc="49" ncloc="49" packages="2" files="4" classes="4"/>
    <package name="src.components">
      <metrics statements="48" coveredstatements="40" conditionals="18" coveredconditionals="12" methods="19" coveredmethods="14"/>
      <file name="Body.jsx" path="C:\Users\durjo\OneDrive\Desktop\React-2026\React-Prep-2026\src\components\Body.jsx">
        <metrics statements="33" coveredstatements="26" conditionals="10" coveredconditionals="7" methods="12" coveredmethods="8"/>
        <line num="10" count="1" type="stmt"/>
        <line num="11" count="4" type="stmt"/>
        <line num="12" count="4" type="stmt"/>
        <line num="13" count="4" type="stmt"/>
        <line num="15" count="4" type="stmt"/>
        <line num="17" count="4" type="stmt"/>
        <line num="18" count="1" type="stmt"/>
        <line num="21" count="4" type="stmt"/>
        <line num="22" count="1" type="stmt"/>
        <line num="23" count="1" type="stmt"/>
        <line num="27" count="1" type="stmt"/>
        <line num="29" count="1" type="stmt"/>
        <line num="30" count="2" type="stmt"/>
        <line num="34" count="1" type="cond" truecount="1" falsecount="1"/>
        <line num="38" count="1" type="cond" truecount="1" falsecount="1"/>
        <line num="40" count="1" type="stmt"/>
        <line num="41" count="1" type="stmt"/>
        <line num="45" count="0" type="stmt"/>
        <line num="46" count="0" type="stmt"/>
        <line num="50" count="4" type="stmt"/>
        <line num="51" count="4" type="stmt"/>
        <line num="53" count="4" type="cond" truecount="1" falsecount="1"/>
        <line num="55" count="4" type="cond" truecount="2" falsecount="0"/>
        <line num="66" count="1" type="stmt"/>
        <line num="72" count="1" type="stmt"/>
        <line num="73" count="13" type="stmt"/>
        <line num="75" count="1" type="stmt"/>
        <line num="84" count="0" type="stmt"/>
        <line num="85" count="0" type="stmt"/>
        <line num="94" count="0" type="stmt"/>
        <line num="95" count="0" type="stmt"/>
        <line num="106" count="0" type="stmt"/>
        <line num="111" count="28" type="stmt"/>
      </file>
      <file name="Header.jsx" path="C:\Users\durjo\OneDrive\Desktop\React-2026\React-Prep-2026\src\components\Header.jsx">
        <metrics statements="8" coveredstatements="8" conditionals="4" coveredconditionals="2" methods="3" coveredmethods="3"/>
        <line num="8" count="1" type="stmt"/>
        <line num="9" count="5" type="stmt"/>
        <line num="10" count="5" type="stmt"/>
        <line num="12" count="5" type="stmt"/>
        <line num="14" count="9" type="stmt"/>
        <line num="15" count="5" type="stmt"/>
        <line num="17" count="5" type="stmt"/>
        <line num="46" count="1" type="cond" truecount="1" falsecount="1"/>
      </file>
      <file name="ResCard.jsx" path="C:\Users\durjo\OneDrive\Desktop\React-2026\React-Prep-2026\src\components\ResCard.jsx">
        <metrics statements="7" coveredstatements="6" conditionals="4" coveredconditionals="3" methods="4" coveredmethods="3"/>
        <line num="2" count="30" type="stmt"/>
        <line num="8" count="30" type="cond" truecount="3" falsecount="1"/>
        <line num="12" count="30" type="stmt"/>
        <line num="19" count="0" type="stmt"/>
        <line num="33" count="2" type="stmt"/>
        <line num="34" count="5" type="stmt"/>
        <line num="35" count="9" type="stmt"/>
      </file>
    </package>
    <package name="utils">
      <metrics statements="1" coveredstatements="1" conditionals="0" coveredconditionals="0" methods="0" coveredmethods="0"/>
      <file name="appStore.js" path="C:\Users\durjo\OneDrive\Desktop\React-2026\React-Prep-2026\utils\appStore.js">
        <metrics statements="1" coveredstatements="1" conditionals="0" coveredconditionals="0" methods="0" coveredmethods="0"/>
        <line num="4" count="1" type="stmt"/>
      </file>
    </package>
  </project>
</coverage>
