{"C:\\Users\\durjo\\OneDrive\\Desktop\\React-2026\\React-Prep-2026\\src\\components\\ContactUs.jsx": {"path":"C:\\Users\\durjo\\OneDrive\\Desktop\\React-2026\\React-Prep-2026\\src\\components\\ContactUs.jsx","statementMap":{"0":{"start":{"line":3,"column":16},"end":{"line":65,"column":1}},"1":{"start":{"line":4,"column":26},"end":{"line":8,"column":4}},"2":{"start":{"line":10,"column":23},"end":{"line":12,"column":3}},"3":{"start":{"line":11,"column":4},"end":{"line":11,"column":58}},"4":{"start":{"line":14,"column":23},"end":{"line":19,"column":3}},"5":{"start":{"line":15,"column":4},"end":{"line":15,"column":23}},"6":{"start":{"line":16,"column":4},"end":{"line":16,"column":41}},"7":{"start":{"line":17,"column":4},"end":{"line":17,"column":27}},"8":{"start":{"line":18,"column":4},"end":{"line":18,"column":50}},"9":{"start":{"line":21,"column":2},"end":{"line":64,"column":4}},"10":{"start":{"line":67,"column":15},"end":{"line":109,"column":1}}},"fnMap":{"0":{"name":"(anonymous_0)","decl":{"start":{"line":3,"column":16},"end":{"line":3,"column":17}},"loc":{"start":{"line":3,"column":22},"end":{"line":65,"column":1}},"line":3},"1":{"name":"(anonymous_1)","decl":{"start":{"line":10,"column":23},"end":{"line":10,"column":24}},"loc":{"start":{"line":10,"column":30},"end":{"line":12,"column":3}},"line":10},"2":{"name":"(anonymous_2)","decl":{"start":{"line":14,"column":23},"end":{"line":14,"column":24}},"loc":{"start":{"line":14,"column":30},"end":{"line":19,"column":3}},"line":14}},"branchMap":{},"s":{"0":1,"1":2,"2":2,"3":0,"4":2,"5":0,"6":0,"7":0,"8":0,"9":2,"10":1},"f":{"0":2,"1":0,"2":0},"b":{},"_coverageSchema":"1a1c01bbd47fc00a2c39e90264f33305004495a9","hash":"c017304f937c2bbfec23c065fe7512fa16f3e4a2"}
,"C:\\Users\\durjo\\OneDrive\\Desktop\\React-2026\\React-Prep-2026\\src\\components\\sum.js": {"path":"C:\\Users\\durjo\\OneDrive\\Desktop\\React-2026\\React-Prep-2026\\src\\components\\sum.js","statementMap":{"0":{"start":{"line":1,"column":10},"end":{"line":3,"column":1}},"1":{"start":{"line":2,"column":4},"end":{"line":2,"column":15}}},"fnMap":{"0":{"name":"(anonymous_0)","decl":{"start":{"line":1,"column":10},"end":{"line":1,"column":11}},"loc":{"start":{"line":1,"column":17},"end":{"line":3,"column":1}},"line":1}},"branchMap":{},"s":{"0":1,"1":1},"f":{"0":1},"b":{},"_coverageSchema":"1a1c01bbd47fc00a2c39e90264f33305004495a9","hash":"bd4c2b8484df66416e217dacfba3cf14787f744a"}
}
