{"C:\\Users\\durjo\\OneDrive\\Desktop\\React-2026\\React-Prep-2026\\src\\components\\Body.jsx": {"path":"C:\\Users\\durjo\\OneDrive\\Desktop\\React-2026\\React-Prep-2026\\src\\components\\Body.jsx","statementMap":{"0":{"start":{"line":10,"column":13},"end":{"line":129,"column":1}},"1":{"start":{"line":11,"column":32},"end":{"line":11,"column":44}},"2":{"start":{"line":12,"column":38},"end":{"line":12,"column":50}},"3":{"start":{"line":13,"column":42},"end":{"line":13,"column":54}},"4":{"start":{"line":15,"column":25},"end":{"line":15,"column":51}},"5":{"start":{"line":17,"column":2},"end":{"line":19,"column":9}},"6":{"start":{"line":18,"column":4},"end":{"line":18,"column":16}},"7":{"start":{"line":21,"column":20},"end":{"line":48,"column":3}},"8":{"start":{"line":22,"column":4},"end":{"line":47,"column":5}},"9":{"start":{"line":23,"column":19},"end":{"line":25,"column":7}},"10":{"start":{"line":27,"column":23},"end":{"line":27,"column":40}},"11":{"start":{"line":29,"column":29},"end":{"line":31,"column":7}},"12":{"start":{"line":30,"column":18},"end":{"line":30,"column":76}},"13":{"start":{"line":34,"column":8},"end":{"line":35,"column":10}},"14":{"start":{"line":38,"column":24},"end":{"line":38,"column":64}},"15":{"start":{"line":40,"column":6},"end":{"line":40,"column":28}},"16":{"start":{"line":41,"column":6},"end":{"line":41,"column":33}},"17":{"start":{"line":45,"column":6},"end":{"line":45,"column":36}},"18":{"start":{"line":46,"column":6},"end":{"line":46,"column":41}},"19":{"start":{"line":50,"column":19},"end":{"line":50,"column":36}},"20":{"start":{"line":51,"column":44},"end":{"line":51,"column":67}},"21":{"start":{"line":53,"column":2},"end":{"line":53,"column":51}},"22":{"start":{"line":53,"column":17},"end":{"line":53,"column":51}},"23":{"start":{"line":55,"column":2},"end":{"line":128,"column":4}},"24":{"start":{"line":66,"column":27},"end":{"line":66,"column":56}},"25":{"start":{"line":72,"column":30},"end":{"line":74,"column":13}},"26":{"start":{"line":73,"column":14},"end":{"line":73,"column":74}},"27":{"start":{"line":75,"column":12},"end":{"line":75,"column":39}},"28":{"start":{"line":84,"column":29},"end":{"line":84,"column":74}},"29":{"start":{"line":84,"column":51},"end":{"line":84,"column":73}},"30":{"start":{"line":85,"column":12},"end":{"line":85,"column":38}},"31":{"start":{"line":94,"column":12},"end":{"line":94,"column":37}},"32":{"start":{"line":95,"column":12},"end":{"line":95,"column":30}},"33":{"start":{"line":106,"column":27},"end":{"line":106,"column":58}},"34":{"start":{"line":111,"column":10},"end":{"line":124,"column":12}}},"fnMap":{"0":{"name":"(anonymous_0)","decl":{"start":{"line":10,"column":13},"end":{"line":10,"column":14}},"loc":{"start":{"line":10,"column":19},"end":{"line":129,"column":1}},"line":10},"1":{"name":"(anonymous_1)","decl":{"start":{"line":17,"column":12},"end":{"line":17,"column":13}},"loc":{"start":{"line":17,"column":18},"end":{"line":19,"column":3}},"line":17},"2":{"name":"(anonymous_2)","decl":{"start":{"line":21,"column":20},"end":{"line":21,"column":21}},"loc":{"start":{"line":21,"column":32},"end":{"line":48,"column":3}},"line":21},"3":{"name":"(anonymous_3)","decl":{"start":{"line":30,"column":8},"end":{"line":30,"column":9}},"loc":{"start":{"line":30,"column":18},"end":{"line":30,"column":76}},"line":30},"4":{"name":"(anonymous_4)","decl":{"start":{"line":66,"column":20},"end":{"line":66,"column":21}},"loc":{"start":{"line":66,"column":27},"end":{"line":66,"column":56}},"line":66},"5":{"name":"(anonymous_5)","decl":{"start":{"line":71,"column":19},"end":{"line":71,"column":20}},"loc":{"start":{"line":71,"column":25},"end":{"line":76,"column":11}},"line":71},"6":{"name":"(anonymous_6)","decl":{"start":{"line":72,"column":45},"end":{"line":72,"column":46}},"loc":{"start":{"line":73,"column":14},"end":{"line":73,"column":74}},"line":73},"7":{"name":"(anonymous_7)","decl":{"start":{"line":83,"column":19},"end":{"line":83,"column":20}},"loc":{"start":{"line":83,"column":25},"end":{"line":86,"column":11}},"line":83},"8":{"name":"(anonymous_8)","decl":{"start":{"line":84,"column":44},"end":{"line":84,"column":45}},"loc":{"start":{"line":84,"column":51},"end":{"line":84,"column":73}},"line":84},"9":{"name":"(anonymous_9)","decl":{"start":{"line":93,"column":19},"end":{"line":93,"column":20}},"loc":{"start":{"line":93,"column":25},"end":{"line":96,"column":11}},"line":93},"10":{"name":"(anonymous_10)","decl":{"start":{"line":106,"column":20},"end":{"line":106,"column":21}},"loc":{"start":{"line":106,"column":27},"end":{"line":106,"column":58}},"line":106},"11":{"name":"(anonymous_11)","decl":{"start":{"line":110,"column":26},"end":{"line":110,"column":27}},"loc":{"start":{"line":110,"column":35},"end":{"line":125,"column":9}},"line":110}},"branchMap":{"0":{"loc":{"start":{"line":34,"column":8},"end":{"line":35,"column":10}},"type":"binary-expr","locations":[{"start":{"line":34,"column":8},"end":{"line":34,"column":76}},{"start":{"line":35,"column":8},"end":{"line":35,"column":10}}],"line":34},"1":{"loc":{"start":{"line":38,"column":24},"end":{"line":38,"column":64}},"type":"cond-expr","locations":[{"start":{"line":38,"column":41},"end":{"line":38,"column":44}},{"start":{"line":38,"column":47},"end":{"line":38,"column":64}}],"line":38},"2":{"loc":{"start":{"line":53,"column":2},"end":{"line":53,"column":51}},"type":"if","locations":[{"start":{"line":53,"column":2},"end":{"line":53,"column":51}},{"start":{},"end":{}}],"line":53},"3":{"loc":{"start":{"line":55,"column":9},"end":{"line":128,"column":3}},"type":"cond-expr","locations":[{"start":{"line":56,"column":4},"end":{"line":56,"column":15}},{"start":{"line":58,"column":4},"end":{"line":127,"column":10}}],"line":55},"4":{"loc":{"start":{"line":118,"column":15},"end":{"line":122,"column":15}},"type":"cond-expr","locations":[{"start":{"line":119,"column":16},"end":{"line":119,"column":48}},{"start":{"line":121,"column":16},"end":{"line":121,"column":41}}],"line":118}},"s":{"0":1,"1":4,"2":4,"3":4,"4":4,"5":4,"6":1,"7":4,"8":1,"9":1,"10":1,"11":1,"12":2,"13":1,"14":1,"15":1,"16":1,"17":0,"18":0,"19":4,"20":4,"21":4,"22":0,"23":4,"24":1,"25":1,"26":13,"27":1,"28":0,"29":0,"30":0,"31":0,"32":0,"33":0,"34":28},"f":{"0":4,"1":1,"2":1,"3":2,"4":1,"5":1,"6":13,"7":0,"8":0,"9":0,"10":0,"11":28},"b":{"0":[1,0],"1":[1,0],"2":[0,4],"3":[1,3],"4":[8,20]},"_coverageSchema":"1a1c01bbd47fc00a2c39e90264f33305004495a9","hash":"6cb29bf475ee5326c7b50de7170396700174a413"}
,"C:\\Users\\durjo\\OneDrive\\Desktop\\React-2026\\React-Prep-2026\\src\\components\\Header.jsx": {"path":"C:\\Users\\durjo\\OneDrive\\Desktop\\React-2026\\React-Prep-2026\\src\\components\\Header.jsx","statementMap":{"0":{"start":{"line":8,"column":15},"end":{"line":63,"column":1}},"1":{"start":{"line":9,"column":19},"end":{"line":9,"column":36}},"2":{"start":{"line":10,"column":19},"end":{"line":10,"column":42}},"3":{"start":{"line":12,"column":40},"end":{"line":12,"column":57}},"4":{"start":{"line":14,"column":20},"end":{"line":14,"column":60}},"5":{"start":{"line":14,"column":43},"end":{"line":14,"column":59}},"6":{"start":{"line":15,"column":2},"end":{"line":15,"column":25}},"7":{"start":{"line":17,"column":2},"end":{"line":62,"column":4}},"8":{"start":{"line":46,"column":16},"end":{"line":48,"column":43}}},"fnMap":{"0":{"name":"(anonymous_0)","decl":{"start":{"line":8,"column":15},"end":{"line":8,"column":16}},"loc":{"start":{"line":8,"column":21},"end":{"line":63,"column":1}},"line":8},"1":{"name":"(anonymous_1)","decl":{"start":{"line":14,"column":32},"end":{"line":14,"column":33}},"loc":{"start":{"line":14,"column":43},"end":{"line":14,"column":59}},"line":14},"2":{"name":"(anonymous_2)","decl":{"start":{"line":45,"column":23},"end":{"line":45,"column":24}},"loc":{"start":{"line":46,"column":16},"end":{"line":48,"column":43}},"line":46}},"branchMap":{"0":{"loc":{"start":{"line":27,"column":29},"end":{"line":27,"column":51}},"type":"cond-expr","locations":[{"start":{"line":27,"column":40},"end":{"line":27,"column":44}},{"start":{"line":27,"column":47},"end":{"line":27,"column":51}}],"line":27},"1":{"loc":{"start":{"line":46,"column":16},"end":{"line":48,"column":43}},"type":"cond-expr","locations":[{"start":{"line":47,"column":20},"end":{"line":47,"column":44}},{"start":{"line":48,"column":20},"end":{"line":48,"column":43}}],"line":46}},"s":{"0":1,"1":5,"2":5,"3":5,"4":5,"5":9,"6":5,"7":5,"8":1},"f":{"0":5,"1":9,"2":1},"b":{"0":[5,0],"1":[1,0]},"_coverageSchema":"1a1c01bbd47fc00a2c39e90264f33305004495a9","hash":"62091ccba0752c01847660695b25abd086d7e39d"}
,"C:\\Users\\durjo\\OneDrive\\Desktop\\React-2026\\React-Prep-2026\\src\\components\\ResCard.jsx": {"path":"C:\\Users\\durjo\\OneDrive\\Desktop\\React-2026\\React-Prep-2026\\src\\components\\ResCard.jsx","statementMap":{"0":{"start":{"line":2,"column":20},"end":{"line":4,"column":3}},"1":{"start":{"line":8,"column":4},"end":{"line":10,"column":111}},"2":{"start":{"line":12,"column":2},"end":{"line":28,"column":4}},"3":{"start":{"line":19,"column":10},"end":{"line":20,"column":107}},"4":{"start":{"line":33,"column":31},"end":{"line":43,"column":1}},"5":{"start":{"line":34,"column":2},"end":{"line":42,"column":3}},"6":{"start":{"line":35,"column":4},"end":{"line":40,"column":5}}},"fnMap":{"0":{"name":"ResCard","decl":{"start":{"line":1,"column":24},"end":{"line":1,"column":31}},"loc":{"start":{"line":1,"column":88},"end":{"line":29,"column":1}},"line":1},"1":{"name":"(anonymous_1)","decl":{"start":{"line":18,"column":17},"end":{"line":18,"column":18}},"loc":{"start":{"line":18,"column":24},"end":{"line":21,"column":9}},"line":18},"2":{"name":"(anonymous_2)","decl":{"start":{"line":33,"column":31},"end":{"line":33,"column":32}},"loc":{"start":{"line":33,"column":42},"end":{"line":43,"column":1}},"line":33},"3":{"name":"(anonymous_3)","decl":{"start":{"line":34,"column":9},"end":{"line":34,"column":10}},"loc":{"start":{"line":34,"column":18},"end":{"line":42,"column":3}},"line":34}},"branchMap":{"0":{"loc":{"start":{"line":8,"column":4},"end":{"line":10,"column":111}},"type":"cond-expr","locations":[{"start":{"line":9,"column":8},"end":{"line":9,"column":25}},{"start":{"line":10,"column":8},"end":{"line":10,"column":111}}],"line":8},"1":{"loc":{"start":{"line":8,"column":4},"end":{"line":8,"column":81}},"type":"binary-expr","locations":[{"start":{"line":8,"column":4},"end":{"line":8,"column":41}},{"start":{"line":8,"column":45},"end":{"line":8,"column":81}}],"line":8}},"s":{"0":30,"1":30,"2":30,"3":0,"4":2,"5":5,"6":9},"f":{"0":30,"1":0,"2":5,"3":9},"b":{"0":[0,30],"1":[30,30]},"_coverageSchema":"1a1c01bbd47fc00a2c39e90264f33305004495a9","hash":"d9090598d481a8cc0fbf7254a28e147c5d924e0c"}
,"C:\\Users\\durjo\\OneDrive\\Desktop\\React-2026\\React-Prep-2026\\utils\\appStore.js": {"path":"C:\\Users\\durjo\\OneDrive\\Desktop\\React-2026\\React-Prep-2026\\utils\\appStore.js","statementMap":{"0":{"start":{"line":4,"column":17},"end":{"line":8,"column":2}}},"fnMap":{},"branchMap":{},"s":{"0":1},"f":{},"b":{},"_coverageSchema":"1a1c01bbd47fc00a2c39e90264f33305004495a9","hash":"16d51afe233d752ca4a863aa65574c10a7c365da"}
}
