TN:
SF:src\components\Body.jsx
FN:10,(anonymous_0)
FN:17,(anonymous_1)
FN:21,(anonymous_2)
FN:30,(anonymous_3)
FN:66,(anonymous_4)
FN:71,(anonymous_5)
FN:72,(anonymous_6)
FN:83,(anonymous_7)
FN:84,(anonymous_8)
FN:93,(anonymous_9)
FN:106,(anonymous_10)
FN:110,(anonymous_11)
FNF:12
FNH:8
FNDA:4,(anonymous_0)
FNDA:1,(anonymous_1)
FNDA:1,(anonymous_2)
FNDA:2,(anonymous_3)
FNDA:1,(anonymous_4)
FNDA:1,(anonymous_5)
FNDA:13,(anonymous_6)
FNDA:0,(anonymous_7)
FNDA:0,(anonymous_8)
FNDA:0,(anonymous_9)
FNDA:0,(anonymous_10)
FNDA:28,(anonymous_11)
DA:10,1
DA:11,4
DA:12,4
DA:13,4
DA:15,4
DA:17,4
DA:18,1
DA:21,4
DA:22,1
DA:23,1
DA:27,1
DA:29,1
DA:30,2
DA:34,1
DA:38,1
DA:40,1
DA:41,1
DA:45,0
DA:46,0
DA:50,4
DA:51,4
DA:53,4
DA:55,4
DA:66,1
DA:72,1
DA:73,13
DA:75,1
DA:84,0
DA:85,0
DA:94,0
DA:95,0
DA:106,0
DA:111,28
LF:33
LH:26
BRDA:34,0,0,1
BRDA:34,0,1,0
BRDA:38,1,0,1
BRDA:38,1,1,0
BRDA:53,2,0,0
BRDA:53,2,1,4
BRDA:55,3,0,1
BRDA:55,3,1,3
BRDA:118,4,0,8
BRDA:118,4,1,20
BRF:10
BRH:7
end_of_record
TN:
SF:src\components\Header.jsx
FN:8,(anonymous_0)
FN:14,(anonymous_1)
FN:45,(anonymous_2)
FNF:3
FNH:3
FNDA:5,(anonymous_0)
FNDA:9,(anonymous_1)
FNDA:1,(anonymous_2)
DA:8,1
DA:9,5
DA:10,5
DA:12,5
DA:14,9
DA:15,5
DA:17,5
DA:46,1
LF:8
LH:8
BRDA:27,0,0,5
BRDA:27,0,1,0
BRDA:46,1,0,1
BRDA:46,1,1,0
BRF:4
BRH:2
end_of_record
TN:
SF:src\components\ResCard.jsx
FN:1,ResCard
FN:18,(anonymous_1)
FN:33,(anonymous_2)
FN:34,(anonymous_3)
FNF:4
FNH:3
FNDA:30,ResCard
FNDA:0,(anonymous_1)
FNDA:5,(anonymous_2)
FNDA:9,(anonymous_3)
DA:2,30
DA:8,30
DA:12,30
DA:19,0
DA:33,2
DA:34,5
DA:35,9
LF:7
LH:6
BRDA:8,0,0,0
BRDA:8,0,1,30
BRDA:8,1,0,30
BRDA:8,1,1,30
BRF:4
BRH:3
end_of_record
TN:
SF:utils\appStore.js
FNF:0
FNH:0
DA:4,1
LF:1
LH:1
BRF:0
BRH:0
end_of_record
