TN:
SF:src\components\Cart.jsx
FN:5,(anonymous_0)
FN:6,(anonymous_1)
FN:10,(anonymous_2)
FN:32,(anonymous_3)
FN:68,(anonymous_4)
FNF:5
FNH:5
FNDA:4,(anonymous_0)
FNDA:8,(anonymous_1)
FNDA:3,(anonymous_2)
FNDA:3,(anonymous_3)
FNDA:1,(anonymous_4)
DA:5,1
DA:6,8
DA:7,4
DA:10,4
DA:12,4
DA:14,4
DA:33,3
DA:68,1
LF:8
LH:8
BRDA:24,0,0,2
BRDA:24,0,1,2
BRF:2
BRH:2
end_of_record
TN:
SF:src\components\Grocery.js
FN:3,(anonymous_0)
FNF:1
FNH:0
FNDA:0,(anonymous_0)
DA:3,1
DA:4,0
LF:2
LH:1
BRF:0
BRH:0
end_of_record
TN:
SF:src\components\Header.jsx
FN:8,(anonymous_0)
FN:14,(anonymous_1)
FN:45,(anonymous_2)
FNF:3
FNH:2
FNDA:4,(anonymous_0)
FNDA:8,(anonymous_1)
FNDA:0,(anonymous_2)
DA:8,1
DA:9,4
DA:10,4
DA:12,4
DA:14,8
DA:15,4
DA:17,4
DA:46,0
LF:8
LH:7
BRDA:27,0,0,4
BRDA:27,0,1,0
BRDA:46,1,0,0
BRDA:46,1,1,0
BRF:4
BRH:1
end_of_record
TN:
SF:src\components\ResCategory.jsx
FN:4,(anonymous_0)
FN:12,(anonymous_1)
FN:34,(anonymous_2)
FN:46,(anonymous_3)
FNF:4
FNH:4
FNDA:52,(anonymous_0)
FNDA:2,(anonymous_1)
FNDA:2,(anonymous_2)
FNDA:2,(anonymous_3)
DA:4,1
DA:11,52
DA:12,52
DA:13,2
DA:17,52
DA:35,2
DA:46,2
LF:7
LH:7
BRDA:28,0,0,1
BRDA:28,0,1,51
BRDA:32,1,0,52
BRDA:32,1,1,1
BRDA:52,2,0,2
BRDA:52,2,1,0
BRF:6
BRH:5
end_of_record
TN:
SF:src\components\ResMenu.jsx
FN:7,(anonymous_0)
FN:40,(anonymous_1)
FN:50,(anonymous_2)
FN:51,(anonymous_3)
FN:78,(anonymous_4)
FN:83,(anonymous_5)
FNF:6
FNH:6
FNDA:3,(anonymous_0)
FNDA:22,(anonymous_1)
FNDA:50,(anonymous_2)
FNDA:50,(anonymous_3)
FNDA:52,(anonymous_4)
FNDA:1,(anonymous_5)
DA:7,1
DA:8,3
DA:10,3
DA:12,3
DA:14,3
DA:15,1
DA:16,1
DA:20,2
DA:22,2
DA:23,0
DA:31,2
DA:34,2
DA:40,2
DA:41,22
DA:42,22
DA:44,16
DA:45,2
DA:48,14
DA:49,14
DA:50,50
DA:51,50
DA:57,0
DA:61,2
DA:63,2
DA:79,52
DA:84,1
LF:26
LH:24
BRDA:14,0,0,1
BRDA:14,0,1,2
BRDA:22,1,0,0
BRDA:22,1,1,2
BRDA:34,2,0,2
BRDA:34,2,1,0
BRDA:42,3,0,6
BRDA:42,3,1,16
BRDA:44,4,0,2
BRDA:44,4,1,14
BRDA:48,5,0,14
BRDA:48,5,1,0
BRDA:85,6,0,0
BRDA:85,6,1,1
BRF:14
BRH:10
end_of_record
TN:
SF:src\components\Shimmer.jsx
FN:1,(anonymous_0)
FN:6,(anonymous_1)
FNF:2
FNH:2
FNDA:1,(anonymous_0)
FNDA:12,(anonymous_1)
DA:1,1
DA:2,1
DA:7,12
LF:3
LH:3
BRF:0
BRH:0
end_of_record
TN:
SF:utils\UserContext.js
FNF:0
FNH:0
DA:4,1
LF:1
LH:1
BRF:0
BRH:0
end_of_record
TN:
SF:utils\appStore.js
FNF:0
FNH:0
DA:4,1
LF:1
LH:1
BRF:0
BRH:0
end_of_record
TN:
SF:utils\cartSlice.js
FN:9,(anonymous_0)
FN:12,(anonymous_1)
FN:15,(anonymous_2)
FNF:3
FNH:2
FNDA:2,(anonymous_0)
FNDA:0,(anonymous_1)
FNDA:1,(anonymous_2)
DA:3,1
DA:10,2
DA:13,0
DA:16,1
DA:23,1
LF:5
LH:4
BRF:0
BRH:0
end_of_record
TN:
SF:utils\mockData.js
FNF:0
FNH:0
DA:1,1
LF:1
LH:1
BRF:0
BRH:0
end_of_record
TN:
SF:utils\useOnlineStatus.js
FN:3,(anonymous_0)
FN:8,(anonymous_1)
FN:9,(anonymous_2)
FN:13,(anonymous_3)
FNF:4
FNH:2
FNDA:4,(anonymous_0)
FNDA:1,(anonymous_1)
FNDA:0,(anonymous_2)
FNDA:0,(anonymous_3)
DA:3,1
DA:6,4
DA:8,4
DA:9,1
DA:10,0
DA:13,1
DA:14,0
DA:18,4
LF:8
LH:6
BRF:0
BRH:0
end_of_record
TN:
SF:utils\useResMenu.js
FN:44,(anonymous_0)
FN:47,(anonymous_1)
FN:51,(anonymous_2)
FNF:3
FNH:3
FNDA:3,(anonymous_0)
FNDA:1,(anonymous_1)
FNDA:1,(anonymous_2)
DA:44,1
DA:45,3
DA:47,3
DA:48,1
DA:51,3
DA:52,1
DA:55,3
LF:7
LH:7
BRF:0
BRH:0
end_of_record
